2026-01-19 00:37:52 | Bash                 | N/A
2026-01-19 00:37:55 | Bash                 | N/A
2026-01-19 00:38:05 | Bash                 | N/A
2026-01-19 00:38:14 | Bash                 | N/A
2026-01-19 00:40:25 | Bash                 | N/A
2026-01-19 00:40:26 | Bash                 | N/A
2026-01-19 00:40:32 | Bash                 | N/A
2026-01-19 00:40:37 | Bash                 | N/A
2026-01-19 00:41:28 | Skill                | N/A
2026-01-19 00:41:39 | Bash                 | N/A
2026-01-19 00:41:40 | TodoWrite            | N/A
2026-01-19 00:44:42 | AskUserQuestion      | N/A
2026-01-19 00:45:02 | Skill                | N/A
2026-01-19 00:47:57 | Write                | C:\Users\matt\Dropbox\projects\RAG\PRD.md
2026-01-19 00:48:15 | TodoWrite            | N/A
2026-01-19 00:51:03 | AskUserQuestion      | N/A
2026-01-19 00:51:13 | Bash                 | N/A
2026-01-19 00:51:13 | TodoWrite            | N/A
2026-01-19 00:51:14 | Skill                | N/A
2026-01-19 00:51:23 | Bash                 | N/A
2026-01-19 00:52:49 | Write                | C:\Users\matt\Dropbox\projects\RAG\CONTEXT.md
2026-01-19 00:53:00 | Bash                 | N/A
2026-01-19 00:53:00 | TodoWrite            | N/A
2026-01-19 00:53:01 | Skill                | N/A
2026-01-19 00:55:09 | Write                | C:\Users\matt\Dropbox\projects\RAG\OBJECTIVE_KERNEL.yaml
2026-01-19 00:55:20 | TodoWrite            | N/A
2026-01-19 01:34:14 | AskUserQuestion      | N/A
2026-01-19 01:34:37 | Bash                 | N/A
2026-01-19 01:34:37 | TodoWrite            | N/A
2026-01-19 01:34:39 | Skill                | N/A
2026-01-19 01:37:24 | TodoWrite            | N/A
2026-01-19 01:41:24 | AskUserQuestion      | N/A
2026-01-19 01:41:38 | Bash                 | N/A
2026-01-19 01:41:39 | TodoWrite            | N/A
2026-01-19 01:41:40 | Skill                | N/A
2026-01-19 01:43:35 | Write                | C:\Users\matt\Dropbox\projects\RAG\RESEARCH_PLAN.yaml
2026-01-19 01:43:45 | Bash                 | N/A
2026-01-19 01:43:46 | TodoWrite            | N/A
2026-01-19 01:43:47 | Skill                | N/A
2026-01-19 01:44:02 | Bash                 | N/A
2026-01-19 01:44:18 | Edit                 | C:\Users\matt\Dropbox\projects\RAG\REFINED_RESEARCH_PLAN.yaml
2026-01-19 01:44:30 | Edit                 | C:\Users\matt\Dropbox\projects\RAG\REFINED_RESEARCH_PLAN.yaml
2026-01-19 01:44:41 | Edit                 | C:\Users\matt\Dropbox\projects\RAG\REFINED_RESEARCH_PLAN.yaml
2026-01-19 01:44:52 | Bash                 | N/A
2026-01-19 01:44:53 | TodoWrite            | N/A
2026-01-19 01:44:54 | Skill                | N/A
2026-01-19 01:45:30 | Write                | C:\Users\matt\Dropbox\projects\RAG\.phase_1.lock
2026-01-19 01:45:40 | TodoWrite            | N/A
